C:\Program Files\Microsoft Visual Studio\2022\Community\MSBuild\Microsoft\VC\v170\Microsoft.CppBuild.targets(531,5): warning MSB8028: промежуточный каталог (x64\Debug\) содержит файлы, которые используются совместно с другим проектом (BVS-2024.vcxproj).  Это может привести к ошибкам очистки и перестроения.
  AVA_2025.cpp
D:\university\3_sem\kpo\courseProject\AVA-2025\AVA-2025\AVA-2025\IT.h(46,17): warning C4267: инициализация: преобразование из "size_t" в "int"; возможна потеря данных
  (компиляция исходного файла "AVA_2025.cpp")
  
  CodeGeneration.cpp
D:\university\3_sem\kpo\courseProject\AVA-2025\AVA-2025\AVA-2025\IT.h(46,17): warning C4267: инициализация: преобразование из "size_t" в "int"; возможна потеря данных
  (компиляция исходного файла "CodeGeneration.cpp")
  
D:\university\3_sem\kpo\courseProject\AVA-2025\AVA-2025\AVA-2025\CodeGeneration.cpp(102,16): warning C4101: func: неиспользованная локальная переменная
  FST.cpp
D:\university\3_sem\kpo\courseProject\AVA-2025\AVA-2025\AVA-2025\IT.h(46,17): warning C4267: инициализация: преобразование из "size_t" в "int"; возможна потеря данных
  (компиляция исходного файла "FST.cpp")
  
D:\university\3_sem\kpo\courseProject\AVA-2025\AVA-2025\AVA-2025\FST.cpp(442,23): warning C4267: =: преобразование из "size_t" в "int"; возможна потеря данных
  IT.cpp
D:\university\3_sem\kpo\courseProject\AVA-2025\AVA-2025\AVA-2025\IT.h(46,17): warning C4267: инициализация: преобразование из "size_t" в "int"; возможна потеря данных
  (компиляция исходного файла "IT.cpp")
  
  Log.cpp
D:\university\3_sem\kpo\courseProject\AVA-2025\AVA-2025\AVA-2025\IT.h(46,17): warning C4267: инициализация: преобразование из "size_t" в "int"; возможна потеря данных
  (компиляция исходного файла "Log.cpp")
  
  LT.cpp
  MFST.cpp
D:\university\3_sem\kpo\courseProject\AVA-2025\AVA-2025\AVA-2025\IT.h(46,17): warning C4267: инициализация: преобразование из "size_t" в "int"; возможна потеря данных
  (компиляция исходного файла "MFST.cpp")
  
D:\university\3_sem\kpo\courseProject\AVA-2025\AVA-2025\AVA-2025\MFST.cpp(69,12): warning C4267: инициализация: преобразование из "size_t" в "int"; возможна потеря данных
D:\university\3_sem\kpo\courseProject\AVA-2025\AVA-2025\AVA-2025\MFST.cpp(284,30): warning C4018: <: несоответствие типов со знаком и без знака
D:\university\3_sem\kpo\courseProject\AVA-2025\AVA-2025\AVA-2025\MFST.cpp(301,12): warning C4267: инициализация: преобразование из "size_t" в "int"; возможна потеря данных
  Parm.cpp
D:\university\3_sem\kpo\courseProject\AVA-2025\AVA-2025\AVA-2025\IT.h(46,17): warning C4267: инициализация: преобразование из "size_t" в "int"; возможна потеря данных
  (компиляция исходного файла "Parm.cpp")
  
  PolishN.cpp
D:\university\3_sem\kpo\courseProject\AVA-2025\AVA-2025\AVA-2025\IT.h(46,17): warning C4267: инициализация: преобразование из "size_t" в "int"; возможна потеря данных
  (компиляция исходного файла "PolishN.cpp")
  
D:\university\3_sem\kpo\courseProject\AVA-2025\AVA-2025\AVA-2025\PolishN.cpp(75,12): warning C4267: инициализация: преобразование из "size_t" в "int"; возможна потеря данных
D:\university\3_sem\kpo\courseProject\AVA-2025\AVA-2025\AVA-2025\PolishN.cpp(130,33): warning C4267: аргумент: преобразование из "size_t" в "int"; возможна потеря данных
  Semantic.cpp
D:\university\3_sem\kpo\courseProject\AVA-2025\AVA-2025\AVA-2025\IT.h(46,17): warning C4267: инициализация: преобразование из "size_t" в "int"; возможна потеря данных
  (компиляция исходного файла "Semantic.cpp")
  
D:\university\3_sem\kpo\courseProject\AVA-2025\AVA-2025\AVA-2025\Semantic.cpp(4,27): warning C4616: предупреждение #pragma: предупреждение с номером "1041" не является действительным предупреждением компилятора
  Создание кода...
  AVA-2025.vcxproj -> D:\university\3_sem\kpo\courseProject\AVA-2025\AVA-2025\x64\Debug\AVA-2025.exe
