----- Протокол ----- Дата: 21.12.2022 среда 13:45:31 

----- Параметры -----
-log: Files\in.txt.log
-out: Files\in.txt.asm
-in: Files\in.txt

----- Исходные данные -----
Количество символов	: 57
Проигнорировано		: 8
Количество строк	: 19

Шаг :Правило             Входная лента                 Стек                
0   :S->m{N}S            m{tvi;}$                      S$                  
1   : SAVESTATE:          1
1   :                    m{tvi;}$                      m{N}S$              
2   :                    {tvi;}$                       {N}S$               
3   :                    tvi;}$                        N}S$                
4   :N->tY;N             tvi;}$                        N}S$                
5   : SAVESTATE:          2
5   :                    tvi;}$                        tY;N}S$             
6   :                    vi;}$                         Y;N}S$              
7   :Y->vi               vi;}$                         Y;N}S$              
8   : SAVESTATE:          3
8   :                    vi;}$                         vi;N}S$             
9   :                    i;}$                          i;N}S$              
10  :                    ;}$                           ;N}S$               
11  :                    }$                            N}S$                
12  :N->                 }$                            N}S$                
13  : SAVESTATE:          4
13  :                    }$                            }S$                 
14  :                    $                             S$                  
15  :S->                 $                             S$                  
16  : SAVESTATE:          5
16  :                    $                             $                   
17  :                                                                      
18  : LENTA_END           
19  : ------>LENTA_END    
------------------------------------------------------------------------------------------   ------
0   всего строк 8, синтаксический анализ выполнен без ошибок
0   : S->m{N}S            
2   : N->tY;N             
3   : Y->vi               
6   : N->                 
7   : S->                 

Программа успешно завершена!
